{
  "stats": {
    "suites": 1,
    "tests": 11,
    "passes": 11,
    "pending": 0,
    "failures": 0,
    "start": "2020-11-21T19:45:36.014Z",
    "end": "2020-11-21T19:45:44.369Z",
    "duration": 8355,
    "testsRegistered": 11,
    "passPercent": 100,
    "pendingPercent": 0,
    "other": 0,
    "hasOther": false,
    "skipped": 0,
    "hasSkipped": false
  },
  "results": [
    {
      "uuid": "3d256b56-d09b-46f9-b374-c211a8ca2f25",
      "title": "",
      "fullFile": "cypress/integration/hotel-backend-tests.js",
      "file": "cypress/integration/hotel-backend-tests.js",
      "beforeHooks": [],
      "afterHooks": [],
      "tests": [],
      "suites": [
        {
          "uuid": "8a43e250-124b-4a9c-b51e-a5936b92ec19",
          "title": "testing auth",
          "fullFile": "",
          "file": "",
          "beforeHooks": [],
          "afterHooks": [],
          "tests": [
            {
              "title": "create a new client",
              "fullTitle": "testing auth create a new client",
              "timedOut": null,
              "duration": 950,
              "state": "passed",
              "speed": "slow",
              "pass": true,
              "fail": false,
              "pending": false,
              "context": null,
              "code": "clientsHelpers.createClientRequstAfterGet(cy);",
              "err": {},
              "uuid": "51df0530-4db6-4f79-bc9e-cdefc9f8284f",
              "parentUUID": "8a43e250-124b-4a9c-b51e-a5936b92ec19",
              "isHook": false,
              "skipped": false
            },
            {
              "title": "get alla kunder requst",
              "fullTitle": "testing auth get alla kunder requst",
              "timedOut": null,
              "duration": 627,
              "state": "passed",
              "speed": "slow",
              "pass": true,
              "fail": false,
              "pending": false,
              "context": null,
              "code": "clientsHelpers.getAllClientsRequst(cy);",
              "err": {},
              "uuid": "4dcc4df5-3b04-4120-866b-6a5bc25979da",
              "parentUUID": "8a43e250-124b-4a9c-b51e-a5936b92ec19",
              "isHook": false,
              "skipped": false
            },
            {
              "title": "skapa en kund och ta bort den",
              "fullTitle": "testing auth skapa en kund och ta bort den",
              "timedOut": null,
              "duration": 765,
              "state": "passed",
              "speed": "slow",
              "pass": true,
              "fail": false,
              "pending": false,
              "context": null,
              "code": "clientsHelpers.createClientRequstAndDelete(cy);",
              "err": {},
              "uuid": "f8993494-05d1-4f01-8cd1-7ab049ba6e84",
              "parentUUID": "8a43e250-124b-4a9c-b51e-a5936b92ec19",
              "isHook": false,
              "skipped": false
            },
            {
              "title": "skapa en kund och ta uppdatera den",
              "fullTitle": "testing auth skapa en kund och ta uppdatera den",
              "timedOut": null,
              "duration": 793,
              "state": "passed",
              "speed": "slow",
              "pass": true,
              "fail": false,
              "pending": false,
              "context": null,
              "code": "clientsHelpers.createClientRequstAndUpdate(cy);",
              "err": {},
              "uuid": "b6055727-4b7a-4ba4-b7eb-43b998ec5547",
              "parentUUID": "8a43e250-124b-4a9c-b51e-a5936b92ec19",
              "isHook": false,
              "skipped": false
            },
            {
              "title": "get alla bills requst",
              "fullTitle": "testing auth get alla bills requst",
              "timedOut": null,
              "duration": 624,
              "state": "passed",
              "speed": "slow",
              "pass": true,
              "fail": false,
              "pending": false,
              "context": null,
              "code": "_billsHelpers.default.getAllBillsRequst(cy);",
              "err": {},
              "uuid": "03cd69b8-8636-4980-adda-8d56b13ae138",
              "parentUUID": "8a43e250-124b-4a9c-b51e-a5936b92ec19",
              "isHook": false,
              "skipped": false
            },
            {
              "title": "skapa en faktura och tar bort den",
              "fullTitle": "testing auth skapa en faktura och tar bort den",
              "timedOut": null,
              "duration": 787,
              "state": "passed",
              "speed": "slow",
              "pass": true,
              "fail": false,
              "pending": false,
              "context": null,
              "code": "_billsHelpers.default.createBillRequstAndDelete(cy);",
              "err": {},
              "uuid": "cc1cae5b-6219-4c38-bd8e-f5d61e98942c",
              "parentUUID": "8a43e250-124b-4a9c-b51e-a5936b92ec19",
              "isHook": false,
              "skipped": false
            },
            {
              "title": "skapa en faktura och uppdatera den",
              "fullTitle": "testing auth skapa en faktura och uppdatera den",
              "timedOut": null,
              "duration": 707,
              "state": "passed",
              "speed": "slow",
              "pass": true,
              "fail": false,
              "pending": false,
              "context": null,
              "code": "_billsHelpers.default.createBillRequstAndUpdate(cy);",
              "err": {},
              "uuid": "af1dc7a2-735b-4770-a9b8-5c3af613ec91",
              "parentUUID": "8a43e250-124b-4a9c-b51e-a5936b92ec19",
              "isHook": false,
              "skipped": false
            },
            {
              "title": "skapa en ny faktura",
              "fullTitle": "testing auth skapa en ny faktura",
              "timedOut": null,
              "duration": 698,
              "state": "passed",
              "speed": "slow",
              "pass": true,
              "fail": false,
              "pending": false,
              "context": null,
              "code": "_billsHelpers.default.createBillRequstAfterGet(cy);",
              "err": {},
              "uuid": "ad3048cc-cbd2-4c40-9644-6d33ebced429",
              "parentUUID": "8a43e250-124b-4a9c-b51e-a5936b92ec19",
              "isHook": false,
              "skipped": false
            },
            {
              "title": "skapa en reservation och tar bort den",
              "fullTitle": "testing auth skapa en reservation och tar bort den",
              "timedOut": null,
              "duration": 684,
              "state": "passed",
              "speed": "slow",
              "pass": true,
              "fail": false,
              "pending": false,
              "context": null,
              "code": "_reservationsHelpers.default.createReservationRequstAndDelete(cy);",
              "err": {},
              "uuid": "368ea498-812f-4ea3-8d7a-657fcf4f3f2e",
              "parentUUID": "8a43e250-124b-4a9c-b51e-a5936b92ec19",
              "isHook": false,
              "skipped": false
            },
            {
              "title": "skapa en reservation och uppdatera den",
              "fullTitle": "testing auth skapa en reservation och uppdatera den",
              "timedOut": null,
              "duration": 740,
              "state": "passed",
              "speed": "slow",
              "pass": true,
              "fail": false,
              "pending": false,
              "context": null,
              "code": "_reservationsHelpers.default.createReservationRequstAndUpdate(cy);",
              "err": {},
              "uuid": "a6c9e6f8-f914-4aa8-910a-e52cb950edf4",
              "parentUUID": "8a43e250-124b-4a9c-b51e-a5936b92ec19",
              "isHook": false,
              "skipped": false
            },
            {
              "title": "skapa en ny reservation",
              "fullTitle": "testing auth skapa en ny reservation",
              "timedOut": null,
              "duration": 700,
              "state": "passed",
              "speed": "slow",
              "pass": true,
              "fail": false,
              "pending": false,
              "context": null,
              "code": "_reservationsHelpers.default.createReservationRequestAfterGet(cy);",
              "err": {},
              "uuid": "6ee471db-e655-47fa-974c-81af10ec1f4f",
              "parentUUID": "8a43e250-124b-4a9c-b51e-a5936b92ec19",
              "isHook": false,
              "skipped": false
            }
          ],
          "suites": [],
          "passes": [
            "51df0530-4db6-4f79-bc9e-cdefc9f8284f",
            "4dcc4df5-3b04-4120-866b-6a5bc25979da",
            "f8993494-05d1-4f01-8cd1-7ab049ba6e84",
            "b6055727-4b7a-4ba4-b7eb-43b998ec5547",
            "03cd69b8-8636-4980-adda-8d56b13ae138",
            "cc1cae5b-6219-4c38-bd8e-f5d61e98942c",
            "af1dc7a2-735b-4770-a9b8-5c3af613ec91",
            "ad3048cc-cbd2-4c40-9644-6d33ebced429",
            "368ea498-812f-4ea3-8d7a-657fcf4f3f2e",
            "a6c9e6f8-f914-4aa8-910a-e52cb950edf4",
            "6ee471db-e655-47fa-974c-81af10ec1f4f"
          ],
          "failures": [],
          "pending": [],
          "skipped": [],
          "duration": 8075,
          "root": false,
          "rootEmpty": false,
          "_timeout": 2000
        }
      ],
      "passes": [],
      "failures": [],
      "pending": [],
      "skipped": [],
      "duration": 0,
      "root": true,
      "rootEmpty": true,
      "_timeout": 2000
    }
  ],
  "meta": {
    "mocha": {
      "version": "7.0.1"
    },
    "mochawesome": {
      "options": {
        "quiet": false,
        "reportFilename": "mochawesome",
        "saveHtml": true,
        "saveJson": true,
        "consoleReporter": "spec",
        "useInlineDiffs": false,
        "code": true
      },
      "version": "6.2.1"
    },
    "marge": {
      "options": null,
      "version": "5.1.0"
    }
  }
}